<?xml version="1.0" encoding="UTF-8"?>
<testsuite name="com.junittest.userregistration.UserpasswordCheck" tests="2" skipped="0" failures="0" errors="0" timestamp="2019-11-23T13:21:00" hostname="admin105-desktop" time="0.001">
  <properties/>
  <testcase name="testValidPassWord[0]" classname="com.junittest.userregistration.UserpasswordCheck" time="0.0"/>
  <testcase name="testValidPassWord[1]" classname="com.junittest.userregistration.UserpasswordCheck" time="0.0"/>
  <system-out><![CDATA[]]></system-out>
  <system-err><![CDATA[]]></system-err>
</testsuite>
