<?xml version="1.0" encoding="UTF-8"?>
<<<<<<< HEAD
<testsuite name="com.junittest.userregistration.UserpasswordCheck" tests="2" skipped="0" failures="0" errors="0" timestamp="2019-11-23T13:01:58" hostname="admin105-desktop" time="0.002">
  <properties/>
  <testcase name="testValidPassWord[0]" classname="com.junittest.userregistration.UserpasswordCheck" time="0.001"/>
  <testcase name="testValidPassWord[1]" classname="com.junittest.userregistration.UserpasswordCheck" time="0.0"/>
=======
<testsuite name="com.junittest.userregistration.UserpasswordCheck" tests="5" skipped="0" failures="0" errors="0" timestamp="2019-11-25T04:07:23" hostname="admin105-desktop" time="0.005">
  <properties/>
  <testcase name="testValidPassWord[0]" classname="com.junittest.userregistration.UserpasswordCheck" time="0.002"/>
  <testcase name="testValidPassWord[1]" classname="com.junittest.userregistration.UserpasswordCheck" time="0.0"/>
  <testcase name="testValidPassWord[2]" classname="com.junittest.userregistration.UserpasswordCheck" time="0.0"/>
  <testcase name="testValidPassWord[3]" classname="com.junittest.userregistration.UserpasswordCheck" time="0.0"/>
  <testcase name="testValidPassWord[4]" classname="com.junittest.userregistration.UserpasswordCheck" time="0.0"/>
>>>>>>> uc6_password_check
  <system-out><![CDATA[]]></system-out>
  <system-err><![CDATA[]]></system-err>
</testsuite>
