<?xml version="1.0" encoding="UTF-8"?>
<testsuite name="com.junittest.userregistration.UserRegistrationTest" tests="17" skipped="0" failures="0" errors="0" timestamp="2019-11-23T10:02:33" hostname="admin105-desktop" time="0.01">
  <properties/>
  <testcase name="givenFirstName_whenAllCapitalLetter_shouldReturnFalse" classname="com.junittest.userregistration.UserRegistrationTest" time="0.001"/>
  <testcase name="giveFirstName_whenContainsNumber_shouldReturnFalse" classname="com.junittest.userregistration.UserRegistrationTest" time="0.0"/>
  <testcase name="givenMobNumber_ifSpecialCharacter_shouldReturnFalse" classname="com.junittest.userregistration.UserRegistrationTest" time="0.0"/>
  <testcase name="givenLastName_minimumTwoChar_shouldReturnFalse" classname="com.junittest.userregistration.UserRegistrationTest" time="0.0"/>
  <testcase name="givenLastName_whenAllLowerCase_shouldReturnFalse" classname="com.junittest.userregistration.UserRegistrationTest" time="0.0"/>
  <testcase name="givenFirstName_isStartWithCapital_shouldReturnTrue" classname="com.junittest.userregistration.UserRegistrationTest" time="0.0"/>
  <testcase name="givenLastName_whenStartWithCapiatl_shouldReturnTrue" classname="com.junittest.userregistration.UserRegistrationTest" time="0.0"/>
  <testcase name="givenFirstName_WhenMinimumThreeCharacter_shouldReturnTrue" classname="com.junittest.userregistration.UserRegistrationTest" time="0.0"/>
  <testcase name="givenFirstName_whenAllLowerCaseCharacter_shouldReturnFalse" classname="com.junittest.userregistration.UserRegistrationTest" time="0.0"/>
  <testcase name="givenMobNumber_ifLessThanTenNumber_shouldReturnFalse" classname="com.junittest.userregistration.UserRegistrationTest" time="0.0"/>
  <testcase name="givenMobNumber_isValid_shouldRetunTrue" classname="com.junittest.userregistration.UserRegistrationTest" time="0.0"/>
  <testcase name="givenMobNumber_ifNoCountryCode_shouldReturnFalse" classname="com.junittest.userregistration.UserRegistrationTest" time="0.0"/>
  <testcase name="giveFirstName_whenTwoCharacter_shouldReturnFalse" classname="com.junittest.userregistration.UserRegistrationTest" time="0.0"/>
  <testcase name="givenLastName_whenMinimumThreeChar_shouldReturnTrue" classname="com.junittest.userregistration.UserRegistrationTest" time="0.0"/>
  <testcase name="givenLastName_whenAllCapitalLetter_shouldReturnFalse" classname="com.junittest.userregistration.UserRegistrationTest" time="0.0"/>
  <testcase name="givenLastName_specialChar_shouldReturnFalse" classname="com.junittest.userregistration.UserRegistrationTest" time="0.001"/>
  <testcase name="givenMobNumber_ifSpaceIsNotAvailable_shouldReturnFalse" classname="com.junittest.userregistration.UserRegistrationTest" time="0.0"/>
  <system-out><![CDATA[]]></system-out>
  <system-err><![CDATA[]]></system-err>
</testsuite>
