<?xml version="1.0" encoding="UTF-8"?>
<testsuite name="com.junittest.userregistration.UserEmailIdTest" tests="17" skipped="0" failures="0" errors="0" timestamp="2019-11-23T11:46:44" hostname="admin105-desktop" time="0.014">
  <properties/>
  <testcase name="testValidEmail[0]" classname="com.junittest.userregistration.UserEmailIdTest" time="0.001"/>
  <testcase name="testValidEmail[1]" classname="com.junittest.userregistration.UserEmailIdTest" time="0.0"/>
  <testcase name="testValidEmail[2]" classname="com.junittest.userregistration.UserEmailIdTest" time="0.0"/>
  <testcase name="testValidEmail[3]" classname="com.junittest.userregistration.UserEmailIdTest" time="0.0"/>
  <testcase name="testValidEmail[4]" classname="com.junittest.userregistration.UserEmailIdTest" time="0.0"/>
  <testcase name="testValidEmail[5]" classname="com.junittest.userregistration.UserEmailIdTest" time="0.0"/>
  <testcase name="testValidEmail[6]" classname="com.junittest.userregistration.UserEmailIdTest" time="0.001"/>
  <testcase name="testValidEmail[7]" classname="com.junittest.userregistration.UserEmailIdTest" time="0.0"/>
  <testcase name="testValidEmail[8]" classname="com.junittest.userregistration.UserEmailIdTest" time="0.001"/>
  <testcase name="testValidEmail[9]" classname="com.junittest.userregistration.UserEmailIdTest" time="0.0"/>
  <testcase name="testValidEmail[10]" classname="com.junittest.userregistration.UserEmailIdTest" time="0.0"/>
  <testcase name="testValidEmail[11]" classname="com.junittest.userregistration.UserEmailIdTest" time="0.0"/>
  <testcase name="testValidEmail[12]" classname="com.junittest.userregistration.UserEmailIdTest" time="0.0"/>
  <testcase name="testValidEmail[13]" classname="com.junittest.userregistration.UserEmailIdTest" time="0.0"/>
  <testcase name="testValidEmail[14]" classname="com.junittest.userregistration.UserEmailIdTest" time="0.0"/>
  <testcase name="testValidEmail[15]" classname="com.junittest.userregistration.UserEmailIdTest" time="0.002"/>
  <testcase name="testValidEmail[16]" classname="com.junittest.userregistration.UserEmailIdTest" time="0.0"/>
  <system-out><![CDATA[]]></system-out>
  <system-err><![CDATA[]]></system-err>
</testsuite>
